[0430/100711.701:ERROR:scoped_process_suspend.cc(40)] NtResumeProcess: Попытка доступа к процессу, выполняющему процедуру завершения. (0xc000010a)
[0430/103512.393:ERROR:process_memory_win.cc(73)] ReadMemory at 0x1ab97b70000 of 64 bytes failed: Запрос ReadProcessMemory или WriteProcessMemory был выполнен только частично. (0x12B)
[0430/103512.394:WARNING:pe_image_reader.cc(340)] could not read dos header from C:\WINDOWS\System32\ADVAPI32.dll
[0430/103512.405:ERROR:process_memory_win.cc(73)] ReadMemory at 0x1ab97e3c3e0 of 72 bytes failed: Запрос ReadProcessMemory или WriteProcessMemory был выполнен только частично. (0x12B)
[0430/103512.405:WARNING:pe_image_annotations_reader.cc(134)] could not read annotations list object in C:\Program Files (x86)\Google\Chrome\Application\81.0.4044.129\chrome_elf.dll
[0430/103512.406:ERROR:process_memory_win.cc(73)] ReadMemory at 0x1ab97b70000 of 64 bytes failed: Запрос ReadProcessMemory или WriteProcessMemory был выполнен только частично. (0x12B)
[0430/103512.406:WARNING:pe_image_reader.cc(340)] could not read dos header from C:\WINDOWS\System32\ADVAPI32.dll
[0430/103512.406:ERROR:process_memory_win.cc(73)] ReadMemory at 0x1ab97b70000 of 64 bytes failed: Запрос ReadProcessMemory или WriteProcessMemory был выполнен только частично. (0x12B)
[0430/103512.406:WARNING:pe_image_reader.cc(340)] could not read dos header from C:\WINDOWS\System32\ADVAPI32.dll
[0430/103512.462:ERROR:process_memory_win.cc(73)] ReadMemory at 0x1ab98187ad0 of 72 bytes failed: Запрос ReadProcessMemory или WriteProcessMemory был выполнен только частично. (0x12B)
[0430/103512.462:WARNING:pe_image_annotations_reader.cc(134)] could not read annotations list object in C:\Program Files (x86)\Google\Chrome\Application\81.0.4044.129\chrome.dll
[0430/103512.533:ERROR:process_memory_win.cc(73)] ReadMemory at 0x1ab97e3c3e0 of 72 bytes failed: Запрос ReadProcessMemory или WriteProcessMemory был выполнен только частично. (0x12B)
[0430/103512.533:WARNING:pe_image_annotations_reader.cc(134)] could not read annotations list object in C:\Program Files (x86)\Google\Chrome\Application\81.0.4044.129\chrome_elf.dll
[0430/103512.533:ERROR:process_memory_win.cc(73)] ReadMemory at 0x1ab97b70000 of 64 bytes failed: Запрос ReadProcessMemory или WriteProcessMemory был выполнен только частично. (0x12B)
[0430/103512.533:WARNING:pe_image_reader.cc(340)] could not read dos header from C:\WINDOWS\System32\ADVAPI32.dll
[0430/103512.533:ERROR:process_memory_win.cc(73)] ReadMemory at 0x1ab98187ad0 of 72 bytes failed: Запрос ReadProcessMemory или WriteProcessMemory был выполнен только частично. (0x12B)
[0430/103512.533:WARNING:pe_image_annotations_reader.cc(134)] could not read annotations list object in C:\Program Files (x86)\Google\Chrome\Application\81.0.4044.129\chrome.dll
[0430/103512.631:ERROR:process_memory_win.cc(73)] ReadMemory at 0x1ab97e3c3e0 of 72 bytes failed: Запрос ReadProcessMemory или WriteProcessMemory был выполнен только частично. (0x12B)
[0430/103512.631:WARNING:pe_image_annotations_reader.cc(134)] could not read annotations list object in C:\Program Files (x86)\Google\Chrome\Application\81.0.4044.129\chrome_elf.dll
[0430/103512.631:ERROR:process_memory_win.cc(73)] ReadMemory at 0x1ab97b70000 of 64 bytes failed: Запрос ReadProcessMemory или WriteProcessMemory был выполнен только частично. (0x12B)
[0430/103512.631:WARNING:pe_image_reader.cc(340)] could not read dos header from C:\WINDOWS\System32\ADVAPI32.dll
[0430/103512.773:ERROR:process_memory_win.cc(73)] ReadMemory at 0x1ab98187ad0 of 72 bytes failed: Запрос ReadProcessMemory или WriteProcessMemory был выполнен только частично. (0x12B)
[0430/103512.773:WARNING:pe_image_annotations_reader.cc(134)] could not read annotations list object in C:\Program Files (x86)\Google\Chrome\Application\81.0.4044.129\chrome.dll
[0430/103512.773:ERROR:process_memory_win.cc(73)] ReadMemory at 0x1ab97e3c3e0 of 72 bytes failed: Запрос ReadProcessMemory или WriteProcessMemory был выполнен только частично. (0x12B)
[0430/103512.773:WARNING:pe_image_annotations_reader.cc(134)] could not read annotations list object in C:\Program Files (x86)\Google\Chrome\Application\81.0.4044.129\chrome_elf.dll
[0430/103512.774:ERROR:process_memory_win.cc(73)] ReadMemory at 0x1ab97b70000 of 64 bytes failed: Запрос ReadProcessMemory или WriteProcessMemory был выполнен только частично. (0x12B)
[0430/103512.774:WARNING:pe_image_reader.cc(340)] could not read dos header from C:\WINDOWS\System32\ADVAPI32.dll
[0430/103512.774:ERROR:process_memory_win.cc(73)] ReadMemory at 0x1ab98187ad0 of 72 bytes failed: Запрос ReadProcessMemory или WriteProcessMemory был выполнен только частично. (0x12B)
[0430/103512.774:WARNING:pe_image_annotations_reader.cc(134)] could not read annotations list object in C:\Program Files (x86)\Google\Chrome\Application\81.0.4044.129\chrome.dll
[0430/103513.074:ERROR:process_memory_win.cc(73)] ReadMemory at 0x781ff5000 of 45056 bytes failed: Запрос ReadProcessMemory или WriteProcessMemory был выполнен только частично. (0x12B)
[0430/103513.075:ERROR:process_memory_win.cc(73)] ReadMemory at 0x7827fd000 of 12288 bytes failed: Запрос ReadProcessMemory или WriteProcessMemory был выполнен только частично. (0x12B)
[0430/103513.075:ERROR:process_memory_win.cc(73)] ReadMemory at 0x7837fd000 of 12288 bytes failed: Запрос ReadProcessMemory или WriteProcessMemory был выполнен только частично. (0x12B)
[0430/103513.075:ERROR:process_memory_win.cc(73)] ReadMemory at 0x783ffb000 of 20480 bytes failed: Запрос ReadProcessMemory или WriteProcessMemory был выполнен только частично. (0x12B)
[0430/103513.075:ERROR:process_memory_win.cc(73)] ReadMemory at 0x7847ff000 of 4096 bytes failed: Запрос ReadProcessMemory или WriteProcessMemory был выполнен только частично. (0x12B)
[0430/103513.075:ERROR:process_memory_win.cc(73)] ReadMemory at 0x784ffd000 of 12288 bytes failed: Запрос ReadProcessMemory или WriteProcessMemory был выполнен только частично. (0x12B)
[0430/103513.075:ERROR:process_memory_win.cc(73)] ReadMemory at 0x7857fb000 of 20480 bytes failed: Запрос ReadProcessMemory или WriteProcessMemory был выполнен только частично. (0x12B)
[0430/103513.075:ERROR:process_memory_win.cc(73)] ReadMemory at 0x7867fd000 of 12288 bytes failed: Запрос ReadProcessMemory или WriteProcessMemory был выполнен только частично. (0x12B)
[0430/103513.075:ERROR:process_memory_win.cc(73)] ReadMemory at 0x786ffd000 of 12288 bytes failed: Запрос ReadProcessMemory или WriteProcessMemory был выполнен только частично. (0x12B)
[0430/103513.075:ERROR:process_memory_win.cc(73)] ReadMemory at 0x7877fd000 of 12288 bytes failed: Запрос ReadProcessMemory или WriteProcessMemory был выполнен только частично. (0x12B)
[0430/103513.075:ERROR:process_memory_win.cc(73)] ReadMemory at 0x787ffd000 of 12288 bytes failed: Запрос ReadProcessMemory или WriteProcessMemory был выполнен только частично. (0x12B)
[0430/103513.075:ERROR:process_memory_win.cc(73)] ReadMemory at 0x7897fd000 of 12288 bytes failed: Запрос ReadProcessMemory или WriteProcessMemory был выполнен только частично. (0x12B)
[0430/103513.076:ERROR:process_memory_win.cc(73)] ReadMemory at 0x782fff000 of 4096 bytes failed: Запрос ReadProcessMemory или WriteProcessMemory был выполнен только частично. (0x12B)
[0430/103513.076:ERROR:process_memory_win.cc(73)] ReadMemory at 0x7816ca000 of 852 bytes failed: Запрос ReadProcessMemory или WriteProcessMemory был выполнен только частично. (0x12B)
[0430/103513.076:ERROR:process_memory_win.cc(73)] ReadMemory at 0x7816cb000 of 6024 bytes failed: Запрос ReadProcessMemory или WriteProcessMemory был выполнен только частично. (0x12B)
[0430/103513.076:ERROR:process_memory_win.cc(73)] ReadMemory at 0x7816cd000 of 6024 bytes failed: Запрос ReadProcessMemory или WriteProcessMemory был выполнен только частично. (0x12B)
[0430/103513.076:ERROR:process_memory_win.cc(73)] ReadMemory at 0x7816d1000 of 6024 bytes failed: Запрос ReadProcessMemory или WriteProcessMemory был выполнен только частично. (0x12B)
[0430/103513.076:ERROR:process_memory_win.cc(73)] ReadMemory at 0x7816d3000 of 6024 bytes failed: Запрос ReadProcessMemory или WriteProcessMemory был выполнен только частично. (0x12B)
[0430/103513.076:ERROR:process_memory_win.cc(73)] ReadMemory at 0x7816d5000 of 6024 bytes failed: Запрос ReadProcessMemory или WriteProcessMemory был выполнен только частично. (0x12B)
[0430/103513.076:ERROR:process_memory_win.cc(73)] ReadMemory at 0x7816d7000 of 6024 bytes failed: Запрос ReadProcessMemory или WriteProcessMemory был выполнен только частично. (0x12B)
[0430/103513.076:ERROR:process_memory_win.cc(73)] ReadMemory at 0x7816d9000 of 6024 bytes failed: Запрос ReadProcessMemory или WriteProcessMemory был выполнен только частично. (0x12B)
[0430/103513.076:ERROR:process_memory_win.cc(73)] ReadMemory at 0x7816dd000 of 6024 bytes failed: Запрос ReadProcessMemory или WriteProcessMemory был выполнен только частично. (0x12B)
[0430/103513.077:ERROR:process_memory_win.cc(73)] ReadMemory at 0x7816df000 of 6024 bytes failed: Запрос ReadProcessMemory или WriteProcessMemory был выполнен только частично. (0x12B)
[0430/103513.077:ERROR:process_memory_win.cc(73)] ReadMemory at 0x7816e1000 of 6024 bytes failed: Запрос ReadProcessMemory или WriteProcessMemory был выполнен только частично. (0x12B)
[0430/103513.077:ERROR:process_memory_win.cc(73)] ReadMemory at 0x7816e3000 of 6024 bytes failed: Запрос ReadProcessMemory или WriteProcessMemory был выполнен только частично. (0x12B)
[0430/103513.077:ERROR:process_memory_win.cc(73)] ReadMemory at 0x7816f3000 of 6024 bytes failed: Запрос ReadProcessMemory или WriteProcessMemory был выполнен только частично. (0x12B)
[0430/103513.077:ERROR:process_memory_win.cc(73)] ReadMemory at 0x7816f5000 of 6024 bytes failed: Запрос ReadProcessMemory или WriteProcessMemory был выполнен только частично. (0x12B)
[0430/103513.214:ERROR:process_memory_win.cc(73)] ReadMemory at 0x1ab97a50fe0 of 16108 bytes failed: Запрос ReadProcessMemory или WriteProcessMemory был выполнен только частично. (0x12B)
[0430/103513.214:ERROR:process_memory_win.cc(73)] ReadMemory at 0x1ab97a54ee0 of 1012 bytes failed: Запрос ReadProcessMemory или WriteProcessMemory был выполнен только частично. (0x12B)
[0430/103513.214:ERROR:process_memory_win.cc(73)] ReadMemory at 0x1ab97a55528 of 118 bytes failed: Запрос ReadProcessMemory или WriteProcessMemory был выполнен только частично. (0x12B)
[0430/103513.214:ERROR:process_memory_win.cc(73)] ReadMemory at 0x1ab97a555a0 of 752 bytes failed: Запрос ReadProcessMemory или WriteProcessMemory был выполнен только частично. (0x12B)
[0430/103513.214:ERROR:process_memory_win.cc(73)] ReadMemory at 0x1ab97a55892 of 118 bytes failed: Запрос ReadProcessMemory или WriteProcessMemory был выполнен только частично. (0x12B)
[0430/103513.214:ERROR:process_memory_win.cc(73)] ReadMemory at 0x1ab97a5590a of 94 bytes failed: Запрос ReadProcessMemory или WriteProcessMemory был выполнен только частично. (0x12B)
[0430/103513.214:ERROR:process_memory_win.cc(73)] ReadMemory at 0x1ab97a55980 of 58 bytes failed: Запрос ReadProcessMemory или WriteProcessMemory был выполнен только частично. (0x12B)
[0430/103513.214:ERROR:process_memory_win.cc(73)] ReadMemory at 0x1ab97a55a80 of 132 bytes failed: Запрос ReadProcessMemory или WriteProcessMemory был выполнен только частично. (0x12B)
[0430/103513.234:ERROR:process_memory_win.cc(73)] ReadMemory at 0x1ab97a55c10 of 132 bytes failed: Запрос ReadProcessMemory или WriteProcessMemory был выполнен только частично. (0x12B)
[0430/103513.234:ERROR:process_memory_win.cc(73)] ReadMemory at 0x1ab97a55dd0 of 126 bytes failed: Запрос ReadProcessMemory или WriteProcessMemory был выполнен только частично. (0x12B)
[0430/103513.234:ERROR:process_memory_win.cc(73)] ReadMemory at 0x1ab97a561b0 of 132 bytes failed: Запрос ReadProcessMemory или WriteProcessMemory был выполнен только частично. (0x12B)
[0430/103513.234:ERROR:process_memory_win.cc(73)] ReadMemory at 0x1ab97a56340 of 64 bytes failed: Запрос ReadProcessMemory или WriteProcessMemory был выполнен только частично. (0x12B)
[0430/103513.476:ERROR:process_memory_win.cc(73)] ReadMemory at 0x1ab97a56390 of 132 bytes failed: Запрос ReadProcessMemory или WriteProcessMemory был выполнен только частично. (0x12B)
[0430/103513.476:ERROR:process_memory_win.cc(73)] ReadMemory at 0x1ab97a56500 of 132 bytes failed: Запрос ReadProcessMemory или WriteProcessMemory был выполнен только частично. (0x12B)
[0430/103513.476:ERROR:process_memory_win.cc(73)] ReadMemory at 0x1ab97a567a0 of 132 bytes failed: Запрос ReadProcessMemory или WriteProcessMemory был выполнен только частично. (0x12B)
[0430/103513.476:ERROR:process_memory_win.cc(73)] ReadMemory at 0x1ab97a56930 of 68 bytes failed: Запрос ReadProcessMemory или WriteProcessMemory был выполнен только частично. (0x12B)
[0430/103513.598:ERROR:process_memory_win.cc(73)] ReadMemory at 0x1ab97a57a00 of 132 bytes failed: Запрос ReadProcessMemory или WriteProcessMemory был выполнен только частично. (0x12B)
[0430/103513.598:ERROR:process_memory_win.cc(73)] ReadMemory at 0x1ab97a57b90 of 154 bytes failed: Запрос ReadProcessMemory или WriteProcessMemory был выполнен только частично. (0x12B)
[0430/103513.598:ERROR:process_memory_win.cc(73)] ReadMemory at 0x1ab97a58a70 of 62 bytes failed: Запрос ReadProcessMemory или WriteProcessMemory был выполнен только частично. (0x12B)
[0430/103513.598:ERROR:process_memory_win.cc(73)] ReadMemory at 0x1ab97a58bd0 of 132 bytes failed: Запрос ReadProcessMemory или WriteProcessMemory был выполнен только частично. (0x12B)
[0430/103513.598:ERROR:process_memory_win.cc(73)] ReadMemory at 0x1ab97a58d60 of 60 bytes failed: Запрос ReadProcessMemory или WriteProcessMemory был выполнен только частично. (0x12B)
[0430/103513.598:ERROR:process_memory_win.cc(73)] ReadMemory at 0x1ab97a5a2e0 of 132 bytes failed: Запрос ReadProcessMemory или WriteProcessMemory был выполнен только частично. (0x12B)
[0430/103513.598:ERROR:process_memory_win.cc(73)] ReadMemory at 0x1ab97a5a410 of 132 bytes failed: Запрос ReadProcessMemory или WriteProcessMemory был выполнен только частично. (0x12B)
[0430/103513.598:ERROR:process_memory_win.cc(73)] ReadMemory at 0x1ab97a5cc70 of 132 bytes failed: Запрос ReadProcessMemory или WriteProcessMemory был выполнен только частично. (0x12B)
[0430/103513.599:ERROR:process_memory_win.cc(73)] ReadMemory at 0x1ab97a5ce80 of 132 bytes failed: Запрос ReadProcessMemory или WriteProcessMemory был выполнен только частично. (0x12B)
[0430/103513.599:ERROR:process_memory_win.cc(73)] ReadMemory at 0x1ab97a5d2e0 of 66 bytes failed: Запрос ReadProcessMemory или WriteProcessMemory был выполнен только частично. (0x12B)
[0430/103513.599:ERROR:process_memory_win.cc(73)] ReadMemory at 0x1ab97a5d380 of 62 bytes failed: Запрос ReadProcessMemory или WriteProcessMemory был выполнен только частично. (0x12B)
[0430/103513.599:ERROR:process_memory_win.cc(73)] ReadMemory at 0x1ab97a5d3d0 of 60 bytes failed: Запрос ReadProcessMemory или WriteProcessMemory был выполнен только частично. (0x12B)
[0430/103513.599:ERROR:process_memory_win.cc(73)] ReadMemory at 0x1ab97a5d470 of 60 bytes failed: Запрос ReadProcessMemory или WriteProcessMemory был выполнен только частично. (0x12B)
[0430/103513.599:ERROR:process_memory_win.cc(73)] ReadMemory at 0x1ab97a5d560 of 62 bytes failed: Запрос ReadProcessMemory или WriteProcessMemory был выполнен только частично. (0x12B)
[0430/103513.599:ERROR:process_memory_win.cc(73)] ReadMemory at 0x1ab97a5d6a0 of 64 bytes failed: Запрос ReadProcessMemory или WriteProcessMemory был выполнен только частично. (0x12B)
[0430/103513.599:ERROR:process_memory_win.cc(73)] ReadMemory at 0x1ab97a5d740 of 64 bytes failed: Запрос ReadProcessMemory или WriteProcessMemory был выполнен только частично. (0x12B)
[0430/103513.599:ERROR:process_memory_win.cc(73)] ReadMemory at 0x1ab97a5d880 of 64 bytes failed: Запрос ReadProcessMemory или WriteProcessMemory был выполнен только частично. (0x12B)
[0430/103513.599:ERROR:process_memory_win.cc(73)] ReadMemory at 0x1ab97a5d8d0 of 64 bytes failed: Запрос ReadProcessMemory или WriteProcessMemory был выполнен только частично. (0x12B)
[0430/103513.600:ERROR:process_memory_win.cc(73)] ReadMemory at 0x1ab97a5ddb0 of 132 bytes failed: Запрос ReadProcessMemory или WriteProcessMemory был выполнен только частично. (0x12B)
[0430/103513.601:ERROR:process_memory_win.cc(73)] ReadMemory at 0x1ab97a5dfb0 of 132 bytes failed: Запрос ReadProcessMemory или WriteProcessMemory был выполнен только частично. (0x12B)
[0430/103513.601:ERROR:process_memory_win.cc(73)] ReadMemory at 0x1ab97a5e140 of 80 bytes failed: Запрос ReadProcessMemory или WriteProcessMemory был выполнен только частично. (0x12B)
[0430/103513.601:ERROR:process_memory_win.cc(73)] ReadMemory at 0x1ab97a5e290 of 132 bytes failed: Запрос ReadProcessMemory или WriteProcessMemory был выполнен только частично. (0x12B)
[0430/103513.601:ERROR:process_memory_win.cc(73)] ReadMemory at 0x1ab97a5e3c0 of 132 bytes failed: Запрос ReadProcessMemory или WriteProcessMemory был выполнен только частично. (0x12B)
[0430/103513.601:ERROR:process_memory_win.cc(73)] ReadMemory at 0x1ab97a5e620 of 132 bytes failed: Запрос ReadProcessMemory или WriteProcessMemory был выполнен только частично. (0x12B)
[0430/103513.601:ERROR:process_memory_win.cc(73)] ReadMemory at 0x1ab97a5e750 of 132 bytes failed: Запрос ReadProcessMemory или WriteProcessMemory был выполнен только частично. (0x12B)
[0430/103513.601:ERROR:process_memory_win.cc(73)] ReadMemory at 0x1ab97a5e880 of 132 bytes failed: Запрос ReadProcessMemory или WriteProcessMemory был выполнен только частично. (0x12B)
[0430/103513.677:ERROR:process_memory_win.cc(73)] ReadMemory at 0x1ab97a5eae0 of 132 bytes failed: Запрос ReadProcessMemory или WriteProcessMemory был выполнен только частично. (0x12B)
[0430/103513.677:ERROR:process_memory_win.cc(73)] ReadMemory at 0x1ab97a5f0d0 of 132 bytes failed: Запрос ReadProcessMemory или WriteProcessMemory был выполнен только частично. (0x12B)
[0430/103513.677:ERROR:process_memory_win.cc(73)] ReadMemory at 0x1ab97a5f590 of 132 bytes failed: Запрос ReadProcessMemory или WriteProcessMemory был выполнен только частично. (0x12B)
[0430/103513.959:ERROR:process_memory_win.cc(73)] ReadMemory at 0x1ab97a5f6c0 of 132 bytes failed: Запрос ReadProcessMemory или WriteProcessMemory был выполнен только частично. (0x12B)
[0430/103514.566:ERROR:process_memory_win.cc(73)] ReadMemory at 0x1ab97a5f7f0 of 132 bytes failed: Запрос ReadProcessMemory или WriteProcessMemory был выполнен только частично. (0x12B)
[0430/103514.566:ERROR:process_memory_win.cc(73)] ReadMemory at 0x1ab97a5f920 of 132 bytes failed: Запрос ReadProcessMemory или WriteProcessMemory был выполнен только частично. (0x12B)
[0430/103514.566:ERROR:process_memory_win.cc(73)] ReadMemory at 0x1ab97a5fa50 of 132 bytes failed: Запрос ReadProcessMemory или WriteProcessMemory был выполнен только частично. (0x12B)
[0430/103514.566:ERROR:process_memory_win.cc(73)] ReadMemory at 0x1ab97a5fb80 of 132 bytes failed: Запрос ReadProcessMemory или WriteProcessMemory был выполнен только частично. (0x12B)
[0430/103514.566:ERROR:process_memory_win.cc(73)] ReadMemory at 0x1ab97a5fcb0 of 132 bytes failed: Запрос ReadProcessMemory или WriteProcessMemory был выполнен только частично. (0x12B)
[0430/103514.567:ERROR:process_memory_win.cc(73)] ReadMemory at 0x1ab97a5fde0 of 132 bytes failed: Запрос ReadProcessMemory или WriteProcessMemory был выполнен только частично. (0x12B)
[0430/103514.567:ERROR:process_memory_win.cc(73)] ReadMemory at 0x1ab97a5ff10 of 132 bytes failed: Запрос ReadProcessMemory или WriteProcessMemory был выполнен только частично. (0x12B)
[0430/103514.640:ERROR:process_memory_win.cc(73)] ReadMemory at 0x1ab97a60040 of 132 bytes failed: Запрос ReadProcessMemory или WriteProcessMemory был выполнен только частично. (0x12B)
[0430/103514.640:ERROR:process_memory_win.cc(73)] ReadMemory at 0x1ab97a61b60 of 132 bytes failed: Запрос ReadProcessMemory или WriteProcessMemory был выполнен только частично. (0x12B)
[0430/103514.640:ERROR:process_memory_win.cc(73)] ReadMemory at 0x1ab97a61dc0 of 132 bytes failed: Запрос ReadProcessMemory или WriteProcessMemory был выполнен только частично. (0x12B)
[0430/103514.641:ERROR:process_memory_win.cc(73)] ReadMemory at 0x1ab97a61ef0 of 132 bytes failed: Запрос ReadProcessMemory или WriteProcessMemory был выполнен только частично. (0x12B)
[0430/103514.895:ERROR:process_memory_win.cc(73)] ReadMemory at 0x1ab97a62020 of 132 bytes failed: Запрос ReadProcessMemory или WriteProcessMemory был выполнен только частично. (0x12B)
[0430/103514.895:ERROR:process_memory_win.cc(73)] ReadMemory at 0x1ab97a62150 of 132 bytes failed: Запрос ReadProcessMemory или WriteProcessMemory был выполнен только частично. (0x12B)
[0430/103514.895:ERROR:process_memory_win.cc(73)] ReadMemory at 0x1ab97a62320 of 132 bytes failed: Запрос ReadProcessMemory или WriteProcessMemory был выполнен только частично. (0x12B)
[0430/103514.959:ERROR:process_memory_win.cc(73)] ReadMemory at 0x1ab97a64330 of 80 bytes failed: Запрос ReadProcessMemory или WriteProcessMemory был выполнен только частично. (0x12B)
[0430/103514.959:ERROR:process_memory_win.cc(73)] ReadMemory at 0x1ab97a64510 of 76 bytes failed: Запрос ReadProcessMemory или WriteProcessMemory был выполнен только частично. (0x12B)
[0430/103514.959:ERROR:process_memory_win.cc(73)] ReadMemory at 0x1ab97a651b0 of 54 bytes failed: Запрос ReadProcessMemory или WriteProcessMemory был выполнен только частично. (0x12B)
[0430/103514.960:ERROR:process_memory_win.cc(73)] ReadMemory at 0x1ab97a66090 of 132 bytes failed: Запрос ReadProcessMemory или WriteProcessMemory был выполнен только частично. (0x12B)
[0430/103514.960:ERROR:process_memory_win.cc(73)] ReadMemory at 0x1ab97a68470 of 132 bytes failed: Запрос ReadProcessMemory или WriteProcessMemory был выполнен только частично. (0x12B)
[0430/103514.960:ERROR:process_memory_win.cc(73)] ReadMemory at 0x1ab97a685a0 of 146 bytes failed: Запрос ReadProcessMemory или WriteProcessMemory был выполнен только частично. (0x12B)
[0430/103514.961:ERROR:process_memory_win.cc(73)] ReadMemory at 0x1ab97a6a120 of 60 bytes failed: Запрос ReadProcessMemory или WriteProcessMemory был выполнен только частично. (0x12B)
[0430/103515.007:ERROR:process_memory_win.cc(73)] ReadMemory at 0x1ab97a6a210 of 62 bytes failed: Запрос ReadProcessMemory или WriteProcessMemory был выполнен только частично. (0x12B)
[0430/103515.061:ERROR:process_memory_win.cc(73)] ReadMemory at 0x1ab97a6a2b0 of 60 bytes failed: Запрос ReadProcessMemory или WriteProcessMemory был выполнен только частично. (0x12B)
[0430/103515.440:ERROR:process_memory_win.cc(73)] ReadMemory at 0x1ab97a6a490 of 64 bytes failed: Запрос ReadProcessMemory или WriteProcessMemory был выполнен только частично. (0x12B)
[0430/103515.441:ERROR:process_memory_win.cc(73)] ReadMemory at 0x1ab97a6a670 of 62 bytes failed: Запрос ReadProcessMemory или WriteProcessMemory был выполнен только частично. (0x12B)
[0430/103515.441:ERROR:process_memory_win.cc(73)] ReadMemory at 0x1ab97a6a6c0 of 62 bytes failed: Запрос ReadProcessMemory или WriteProcessMemory был выполнен только частично. (0x12B)
[0430/103515.441:ERROR:process_memory_win.cc(73)] ReadMemory at 0x1ab97a6a850 of 64 bytes failed: Запрос ReadProcessMemory или WriteProcessMemory был выполнен только частично. (0x12B)
[0430/103515.441:ERROR:process_memory_win.cc(73)] ReadMemory at 0x1ab97a6a940 of 62 bytes failed: Запрос ReadProcessMemory или WriteProcessMemory был выполнен только частично. (0x12B)
[0430/103515.441:ERROR:process_memory_win.cc(73)] ReadMemory at 0x1ab97a6a990 of 62 bytes failed: Запрос ReadProcessMemory или WriteProcessMemory был выполнен только частично. (0x12B)
[0430/103515.441:ERROR:process_memory_win.cc(73)] ReadMemory at 0x1ab97a6a9e0 of 62 bytes failed: Запрос ReadProcessMemory или WriteProcessMemory был выполнен только частично. (0x12B)
[0430/103515.442:ERROR:process_memory_win.cc(73)] ReadMemory at 0x1ab97a6aa30 of 66 bytes failed: Запрос ReadProcessMemory или WriteProcessMemory был выполнен только частично. (0x12B)
[0430/103515.442:ERROR:process_memory_win.cc(73)] ReadMemory at 0x1ab97a6aad0 of 60 bytes failed: Запрос ReadProcessMemory или WriteProcessMemory был выполнен только частично. (0x12B)
[0430/103515.442:ERROR:process_memory_win.cc(73)] ReadMemory at 0x1ab97a6ac10 of 58 bytes failed: Запрос ReadProcessMemory или WriteProcessMemory был выполнен только частично. (0x12B)
[0430/103515.442:ERROR:process_memory_win.cc(73)] ReadMemory at 0x1ab97a6ac60 of 64 bytes failed: Запрос ReadProcessMemory или WriteProcessMemory был выполнен только частично. (0x12B)
[0430/103515.442:ERROR:process_memory_win.cc(73)] ReadMemory at 0x1ab97a6acb0 of 60 bytes failed: Запрос ReadProcessMemory или WriteProcessMemory был выполнен только частично. (0x12B)
[0430/103515.442:ERROR:process_memory_win.cc(73)] ReadMemory at 0x1ab97a6ad50 of 64 bytes failed: Запрос ReadProcessMemory или WriteProcessMemory был выполнен только частично. (0x12B)
[0430/103515.442:ERROR:process_memory_win.cc(73)] ReadMemory at 0x1ab97a6adf0 of 62 bytes failed: Запрос ReadProcessMemory или WriteProcessMemory был выполнен только частично. (0x12B)
[0430/103515.442:ERROR:process_memory_win.cc(73)] ReadMemory at 0x1ab97a6aee0 of 62 bytes failed: Запрос ReadProcessMemory или WriteProcessMemory был выполнен только частично. (0x12B)
[0430/103515.442:ERROR:process_memory_win.cc(73)] ReadMemory at 0x1ab97a82eb0 of 512 bytes failed: Запрос ReadProcessMemory или WriteProcessMemory был выполнен только частично. (0x12B)
[0430/103515.612:ERROR:process_memory_win.cc(73)] ReadMemory at 0x1ab97a83c50 of 512 bytes failed: Запрос ReadProcessMemory или WriteProcessMemory был выполнен только частично. (0x12B)
[0430/103515.612:ERROR:process_memory_win.cc(73)] ReadMemory at 0x1ab97d616c0 of 512 bytes failed: Запрос ReadProcessMemory или WriteProcessMemory был выполнен только частично. (0x12B)
[0430/103515.613:ERROR:process_memory_win.cc(73)] ReadMemory at 0x1ab981a7f38 of 512 bytes failed: Запрос ReadProcessMemory или WriteProcessMemory был выполнен только частично. (0x12B)
[0430/103515.613:ERROR:process_memory_win.cc(73)] ReadMemory at 0x1ab981c4520 of 512 bytes failed: Запрос ReadProcessMemory или WriteProcessMemory был выполнен только частично. (0x12B)
[0430/103515.613:ERROR:process_memory_win.cc(73)] ReadMemory at 0x1ab981c5130 of 512 bytes failed: Запрос ReadProcessMemory или WriteProcessMemory был выполнен только частично. (0x12B)
[0430/103515.613:ERROR:process_memory_win.cc(73)] ReadMemory at 0x1ab981e0aa0 of 712 bytes failed: Запрос ReadProcessMemory или WriteProcessMemory был выполнен только частично. (0x12B)
[0430/103515.613:ERROR:process_memory_win.cc(73)] ReadMemory at 0x1ab9993d8b0 of 512 bytes failed: Запрос ReadProcessMemory или WriteProcessMemory был выполнен только частично. (0x12B)
[0430/103515.613:ERROR:process_memory_win.cc(73)] ReadMemory at 0x1ab9997be18 of 512 bytes failed: Запрос ReadProcessMemory или WriteProcessMemory был выполнен только частично. (0x12B)
[0430/103515.613:ERROR:process_memory_win.cc(73)] ReadMemory at 0x1aba08ed540 of 512 bytes failed: Запрос ReadProcessMemory или WriteProcessMemory был выполнен только частично. (0x12B)
[0430/103515.613:ERROR:process_memory_win.cc(73)] ReadMemory at 0x1aba3abf358 of 512 bytes failed: Запрос ReadProcessMemory или WriteProcessMemory был выполнен только частично. (0x12B)
[0430/103515.613:ERROR:process_memory_win.cc(73)] ReadMemory at 0x34863f19d780 of 512 bytes failed: Запрос ReadProcessMemory или WriteProcessMemory был выполнен только частично. (0x12B)
[0430/103515.613:ERROR:process_memory_win.cc(73)] ReadMemory at 0x34863f19db40 of 512 bytes failed: Запрос ReadProcessMemory или WriteProcessMemory был выполнен только частично. (0x12B)
[0430/103515.613:ERROR:process_memory_win.cc(73)] ReadMemory at 0x485647104b28 of 512 bytes failed: Запрос ReadProcessMemory или WriteProcessMemory был выполнен только частично. (0x12B)
[0430/103515.613:ERROR:process_memory_win.cc(73)] ReadMemory at 0x54f637fc98c0 of 512 bytes failed: Запрос ReadProcessMemory или WriteProcessMemory был выполнен только частично. (0x12B)
[0430/103515.613:ERROR:process_memory_win.cc(73)] ReadMemory at 0x762a0993ff80 of 512 bytes failed: Запрос ReadProcessMemory или WriteProcessMemory был выполнен только частично. (0x12B)
[0430/103515.614:ERROR:process_memory_win.cc(73)] ReadMemory at 0x762a09942f81 of 512 bytes failed: Запрос ReadProcessMemory или WriteProcessMemory был выполнен только частично. (0x12B)
[0430/103515.614:ERROR:process_memory_win.cc(73)] ReadMemory at 0x7ffdc571baa0 of 512 bytes failed: Запрос ReadProcessMemory или WriteProcessMemory был выполнен только частично. (0x12B)
[0430/103515.614:ERROR:process_memory_win.cc(73)] ReadMemory at 0x7ffdc7140bf0 of 512 bytes failed: Запрос ReadProcessMemory или WriteProcessMemory был выполнен только частично. (0x12B)
[0430/103515.614:ERROR:process_memory_win.cc(73)] ReadMemory at 0x7ffdcb228458 of 512 bytes failed: Запрос ReadProcessMemory или WriteProcessMemory был выполнен только частично. (0x12B)
[0430/103515.614:ERROR:process_memory_win.cc(73)] ReadMemory at 0x7ffe10dc7a55 of 512 bytes failed: Запрос ReadProcessMemory или WriteProcessMemory был выполнен только частично. (0x12B)
[0430/103515.614:ERROR:process_memory_win.cc(73)] ReadMemory at 0x7ffe10dc8245 of 512 bytes failed: Запрос ReadProcessMemory или WriteProcessMemory был выполнен только частично. (0x12B)
[0430/103515.710:ERROR:process_memory_win.cc(73)] ReadMemory at 0x7ffe36b5c0c4 of 672 bytes failed: Запрос ReadProcessMemory или WriteProcessMemory был выполнен только частично. (0x12B)
[0430/103515.710:ERROR:process_memory_win.cc(73)] ReadMemory at 0x7ffe36b5f974 of 608 bytes failed: Запрос ReadProcessMemory или WriteProcessMemory был выполнен только частично. (0x12B)
[0430/103515.710:ERROR:process_memory_win.cc(73)] ReadMemory at 0x7ffe36bec428 of 18 bytes failed: Запрос ReadProcessMemory или WriteProcessMemory был выполнен только частично. (0x12B)
[0430/103515.710:ERROR:process_memory_win.cc(73)] ReadMemory at 0x7ffe36c1f4f8 of 40 bytes failed: Запрос ReadProcessMemory или WriteProcessMemory был выполнен только частично. (0x12B)
[0430/103515.710:ERROR:process_memory_win.cc(73)] ReadMemory at 0x7ffe36c1f978 of 48 bytes failed: Запрос ReadProcessMemory или WriteProcessMemory был выполнен только частично. (0x12B)
[0430/103515.710:ERROR:process_memory_win.cc(73)] ReadMemory at 0x7ffe36c253c0 of 64 bytes failed: Запрос ReadProcessMemory или WriteProcessMemory был выполнен только частично. (0x12B)
[0430/103515.801:ERROR:scoped_process_suspend.cc(40)] NtResumeProcess: Попытка доступа к процессу, выполняющему процедуру завершения. (0xc000010a)
[0606/071033.091:ERROR:http_transport_win.cc(276)] WinHttpSendRequest: Операция успешно завершена. (0x0)
